/cm/local/apps/slurm/var/spool/job851018/slurm_script: line 12: activate: No such file or directory
A.L.E: Arcade Learning Environment (version 0.8.1+53f58b7)
[Powered by Stella]
Traceback (most recent call last):
  File "/home/meflores/Project4/main.py", line 47, in <module>
    run(args, record_video=args.record_video)
  File "/home/meflores/Project4/main.py", line 35, in run
    agent.train()
  File "/home/meflores/Project4/agent_dqn.py", line 134, in train
    action = self.make_action(state)
             ^^^^^^^^^^^^^^^^^^^^^^^
  File "/home/meflores/Project4/agent_dqn.py", line 68, in make_action
    q_values = self.q_net(state)
               ^^^^^^^^^^^^^^^^^
  File "/home/meflores/miniconda3/envs/myenv/lib/python3.11/site-packages/torch/nn/modules/module.py", line 1553, in _wrapped_call_impl
    return self._call_impl(*args, **kwargs)
           ^^^^^^^^^^^^^^^^^^^^^^^^^^^^^^^^
  File "/home/meflores/miniconda3/envs/myenv/lib/python3.11/site-packages/torch/nn/modules/module.py", line 1562, in _call_impl
    return forward_call(*args, **kwargs)
           ^^^^^^^^^^^^^^^^^^^^^^^^^^^^^
  File "/home/meflores/Project4/dqn_model.py", line 36, in forward
    x = F.relu(self.conv1(x))
               ^^^^^^^^^^^^^
  File "/home/meflores/miniconda3/envs/myenv/lib/python3.11/site-packages/torch/nn/modules/module.py", line 1553, in _wrapped_call_impl
    return self._call_impl(*args, **kwargs)
           ^^^^^^^^^^^^^^^^^^^^^^^^^^^^^^^^
  File "/home/meflores/miniconda3/envs/myenv/lib/python3.11/site-packages/torch/nn/modules/module.py", line 1562, in _call_impl
    return forward_call(*args, **kwargs)
           ^^^^^^^^^^^^^^^^^^^^^^^^^^^^^
  File "/home/meflores/miniconda3/envs/myenv/lib/python3.11/site-packages/torch/nn/modules/conv.py", line 458, in forward
    return self._conv_forward(input, self.weight, self.bias)
           ^^^^^^^^^^^^^^^^^^^^^^^^^^^^^^^^^^^^^^^^^^^^^^^^^
  File "/home/meflores/miniconda3/envs/myenv/lib/python3.11/site-packages/torch/nn/modules/conv.py", line 454, in _conv_forward
    return F.conv2d(input, weight, bias, self.stride,
           ^^^^^^^^^^^^^^^^^^^^^^^^^^^^^^^^^^^^^^^^^^
RuntimeError: Given groups=1, weight of size [32, 4, 8, 8], expected input[1, 84, 84, 4] to have 4 channels, but got 84 channels instead
